
*** Running vivado
    with args -log top_TIMER.vds -m64 -product Vivado -mode batch -messageDb vivado.pb -notrace -source top_TIMER.tcl



****** Vivado v2021.2.1 (64-bit)
  **** SW Build 3414424 on Sun Dec 19 10:57:22 MST 2021
  **** IP Build 3405791 on Sun Dec 19 15:54:35 MST 2021
    ** Copyright 1986-2021 Xilinx, Inc. All Rights Reserved.

source top_TIMER.tcl -notrace
Command: read_checkpoint -auto_incremental -incremental E:/Aplicatii/Vivado/PROIECTE/sper_TIMER_final_sper/sper_TIMER_final_sper.srcs/utils_1/imports/synth_1/TIMER.dcp
INFO: [Vivado 12-5825] Read reference checkpoint from E:/Aplicatii/Vivado/PROIECTE/sper_TIMER_final_sper/sper_TIMER_final_sper.srcs/utils_1/imports/synth_1/TIMER.dcp for incremental synthesis
INFO: [Vivado 12-7989] Please ensure there are no constraint changes
Command: synth_design -top top_TIMER -part xc7a35tcpg236-1
Starting synth_design
Attempting to get a license for feature 'Synthesis' and/or device 'xc7a35t'
INFO: [Common 17-349] Got license for feature 'Synthesis' and/or device 'xc7a35t'
INFO: [Device 21-403] Loading part xc7a35tcpg236-1
WARNING: [Designutils 20-4072] Reference run did not run incremental synthesis because the design is too small; reverting to default synthesis
INFO: [Designutils 20-4379] Flow is switching to default flow due to incremental criteria not met. If you would like to alter this behaviour and have the flow terminate instead, please set the following parameter config_implementation {autoIncr.Synth.RejectBehavior Terminate}
INFO: [Synth 8-7079] Multithreading enabled for synth_design using a maximum of 2 processes.
INFO: [Synth 8-7078] Launching helper process for spawning children vivado processes
INFO: [Synth 8-7075] Helper process launched with PID 41656
---------------------------------------------------------------------------------
Starting RTL Elaboration : Time (s): cpu = 00:00:03 ; elapsed = 00:00:04 . Memory (MB): peak = 1444.914 ; gain = 0.000
---------------------------------------------------------------------------------
INFO: [Synth 8-638] synthesizing module 'top_TIMER' [E:/Aplicatii/Vivado/PROIECTE/sper_TIMER_final_sper/sper_TIMER_final_sper.srcs/sources_1/imports/ProiectPSN_Timer/TOP_LVL.vhd:18]
INFO: [Synth 8-3491] module 'Debouncer' declared at 'E:/Aplicatii/Vivado/PROIECTE/sper_TIMER_final_sper/sper_TIMER_final_sper.srcs/sources_1/imports/ProiectPSN_Timer/Debouncer.vhd:6' bound to instance 'debS' of component 'Debouncer' [E:/Aplicatii/Vivado/PROIECTE/sper_TIMER_final_sper/sper_TIMER_final_sper.srcs/sources_1/imports/ProiectPSN_Timer/TOP_LVL.vhd:71]
INFO: [Synth 8-638] synthesizing module 'Debouncer' [E:/Aplicatii/Vivado/PROIECTE/sper_TIMER_final_sper/sper_TIMER_final_sper.srcs/sources_1/imports/ProiectPSN_Timer/Debouncer.vhd:14]
INFO: [Synth 8-256] done synthesizing module 'Debouncer' (1#1) [E:/Aplicatii/Vivado/PROIECTE/sper_TIMER_final_sper/sper_TIMER_final_sper.srcs/sources_1/imports/ProiectPSN_Timer/Debouncer.vhd:14]
INFO: [Synth 8-3491] module 'Debouncer' declared at 'E:/Aplicatii/Vivado/PROIECTE/sper_TIMER_final_sper/sper_TIMER_final_sper.srcs/sources_1/imports/ProiectPSN_Timer/Debouncer.vhd:6' bound to instance 'debP' of component 'Debouncer' [E:/Aplicatii/Vivado/PROIECTE/sper_TIMER_final_sper/sper_TIMER_final_sper.srcs/sources_1/imports/ProiectPSN_Timer/TOP_LVL.vhd:72]
INFO: [Synth 8-3491] module 'Debouncer' declared at 'E:/Aplicatii/Vivado/PROIECTE/sper_TIMER_final_sper/sper_TIMER_final_sper.srcs/sources_1/imports/ProiectPSN_Timer/Debouncer.vhd:6' bound to instance 'debM' of component 'Debouncer' [E:/Aplicatii/Vivado/PROIECTE/sper_TIMER_final_sper/sper_TIMER_final_sper.srcs/sources_1/imports/ProiectPSN_Timer/TOP_LVL.vhd:73]
INFO: [Synth 8-3491] module 'UC' declared at 'E:/Aplicatii/Vivado/PROIECTE/sper_TIMER_final_sper/sper_TIMER_final_sper.srcs/sources_1/imports/ProiectPSN_Timer/Unitate_de_control.vhd:6' bound to instance 'UnitControl' of component 'UC' [E:/Aplicatii/Vivado/PROIECTE/sper_TIMER_final_sper/sper_TIMER_final_sper.srcs/sources_1/imports/ProiectPSN_Timer/TOP_LVL.vhd:74]
INFO: [Synth 8-638] synthesizing module 'UC' [E:/Aplicatii/Vivado/PROIECTE/sper_TIMER_final_sper/sper_TIMER_final_sper.srcs/sources_1/imports/ProiectPSN_Timer/Unitate_de_control.vhd:17]
INFO: [Synth 8-3491] module 'div_10hzin' declared at 'E:/Aplicatii/Vivado/PROIECTE/sper_TIMER_final_sper/sper_TIMER_final_sper.srcs/sources_1/new/Div_10Hz.vhd:6' bound to instance 'clk_num_increment' of component 'div_10hzin' [E:/Aplicatii/Vivado/PROIECTE/sper_TIMER_final_sper/sper_TIMER_final_sper.srcs/sources_1/imports/ProiectPSN_Timer/Unitate_de_control.vhd:30]
INFO: [Synth 8-638] synthesizing module 'div_10hzin' [E:/Aplicatii/Vivado/PROIECTE/sper_TIMER_final_sper/sper_TIMER_final_sper.srcs/sources_1/new/Div_10Hz.vhd:13]
INFO: [Synth 8-256] done synthesizing module 'div_10hzin' (2#1) [E:/Aplicatii/Vivado/PROIECTE/sper_TIMER_final_sper/sper_TIMER_final_sper.srcs/sources_1/new/Div_10Hz.vhd:13]
INFO: [Synth 8-256] done synthesizing module 'UC' (3#1) [E:/Aplicatii/Vivado/PROIECTE/sper_TIMER_final_sper/sper_TIMER_final_sper.srcs/sources_1/imports/ProiectPSN_Timer/Unitate_de_control.vhd:17]
INFO: [Synth 8-3491] module 'top_level_partial' declared at 'E:/Aplicatii/Vivado/PROIECTE/sper_TIMER_final_sper/sper_TIMER_final_sper.srcs/sources_1/imports/ProiectPSN_Timer/Numarator_complet.vhd:6' bound to instance 'num_top_level_unire' of component 'top_level_partial' [E:/Aplicatii/Vivado/PROIECTE/sper_TIMER_final_sper/sper_TIMER_final_sper.srcs/sources_1/imports/ProiectPSN_Timer/TOP_LVL.vhd:75]
INFO: [Synth 8-638] synthesizing module 'top_level_partial' [E:/Aplicatii/Vivado/PROIECTE/sper_TIMER_final_sper/sper_TIMER_final_sper.srcs/sources_1/imports/ProiectPSN_Timer/Numarator_complet.vhd:22]
INFO: [Synth 8-3491] module 'div_numarator_sec' declared at 'E:/Aplicatii/Vivado/PROIECTE/sper_TIMER_final_sper/sper_TIMER_final_sper.srcs/sources_1/imports/ProiectPSN_Timer/Div_sec.vhd:6' bound to instance 'div_unit_sec_primu_num' of component 'div_numarator_sec' [E:/Aplicatii/Vivado/PROIECTE/sper_TIMER_final_sper/sper_TIMER_final_sper.srcs/sources_1/imports/ProiectPSN_Timer/Numarator_complet.vhd:106]
INFO: [Synth 8-638] synthesizing module 'div_numarator_sec' [E:/Aplicatii/Vivado/PROIECTE/sper_TIMER_final_sper/sper_TIMER_final_sper.srcs/sources_1/imports/ProiectPSN_Timer/Div_sec.vhd:13]
INFO: [Synth 8-256] done synthesizing module 'div_numarator_sec' (4#1) [E:/Aplicatii/Vivado/PROIECTE/sper_TIMER_final_sper/sper_TIMER_final_sper.srcs/sources_1/imports/ProiectPSN_Timer/Div_sec.vhd:13]
INFO: [Synth 8-3491] module 'div_10hzin' declared at 'E:/Aplicatii/Vivado/PROIECTE/sper_TIMER_final_sper/sper_TIMER_final_sper.srcs/sources_1/new/Div_10Hz.vhd:6' bound to instance 'div_increment_min_sec' of component 'div_10hzin' [E:/Aplicatii/Vivado/PROIECTE/sper_TIMER_final_sper/sper_TIMER_final_sper.srcs/sources_1/imports/ProiectPSN_Timer/Numarator_complet.vhd:108]
INFO: [Synth 8-3491] module 'MUX2_1' declared at 'E:/Aplicatii/Vivado/PROIECTE/sper_TIMER_final_sper/sper_TIMER_final_sper.srcs/sources_1/imports/ProiectPSN_Timer/Mux2.vhd:6' bound to instance 'tcounter_zecisec_urmclk' of component 'MUX2_1' [E:/Aplicatii/Vivado/PROIECTE/sper_TIMER_final_sper/sper_TIMER_final_sper.srcs/sources_1/imports/ProiectPSN_Timer/Numarator_complet.vhd:110]
INFO: [Synth 8-638] synthesizing module 'MUX2_1' [E:/Aplicatii/Vivado/PROIECTE/sper_TIMER_final_sper/sper_TIMER_final_sper.srcs/sources_1/imports/ProiectPSN_Timer/Mux2.vhd:13]
INFO: [Synth 8-256] done synthesizing module 'MUX2_1' (5#1) [E:/Aplicatii/Vivado/PROIECTE/sper_TIMER_final_sper/sper_TIMER_final_sper.srcs/sources_1/imports/ProiectPSN_Timer/Mux2.vhd:13]
INFO: [Synth 8-3491] module 'MUX2_1' declared at 'E:/Aplicatii/Vivado/PROIECTE/sper_TIMER_final_sper/sper_TIMER_final_sper.srcs/sources_1/imports/ProiectPSN_Timer/Mux2.vhd:6' bound to instance 'tcounter_unitmin_urmclk' of component 'MUX2_1' [E:/Aplicatii/Vivado/PROIECTE/sper_TIMER_final_sper/sper_TIMER_final_sper.srcs/sources_1/imports/ProiectPSN_Timer/Numarator_complet.vhd:111]
INFO: [Synth 8-3491] module 'MUX2_1' declared at 'E:/Aplicatii/Vivado/PROIECTE/sper_TIMER_final_sper/sper_TIMER_final_sper.srcs/sources_1/imports/ProiectPSN_Timer/Mux2.vhd:6' bound to instance 'tcounter_zecimin_urmclk' of component 'MUX2_1' [E:/Aplicatii/Vivado/PROIECTE/sper_TIMER_final_sper/sper_TIMER_final_sper.srcs/sources_1/imports/ProiectPSN_Timer/Numarator_complet.vhd:112]
INFO: [Synth 8-3491] module 'MUX2_1' declared at 'E:/Aplicatii/Vivado/PROIECTE/sper_TIMER_final_sper/sper_TIMER_final_sper.srcs/sources_1/imports/ProiectPSN_Timer/Mux2.vhd:6' bound to instance 'sel_clk_sec_mux1' of component 'MUX2_1' [E:/Aplicatii/Vivado/PROIECTE/sper_TIMER_final_sper/sper_TIMER_final_sper.srcs/sources_1/imports/ProiectPSN_Timer/Numarator_complet.vhd:114]
INFO: [Synth 8-3491] module 'num_mod_10' declared at 'E:/Aplicatii/Vivado/PROIECTE/sper_TIMER_final_sper/sper_TIMER_final_sper.srcs/sources_1/imports/ProiectPSN_Timer/Num_mod_10.vhd:5' bound to instance 'num1' of component 'num_mod_10' [E:/Aplicatii/Vivado/PROIECTE/sper_TIMER_final_sper/sper_TIMER_final_sper.srcs/sources_1/imports/ProiectPSN_Timer/Numarator_complet.vhd:115]
INFO: [Synth 8-638] synthesizing module 'num_mod_10' [E:/Aplicatii/Vivado/PROIECTE/sper_TIMER_final_sper/sper_TIMER_final_sper.srcs/sources_1/imports/ProiectPSN_Timer/Num_mod_10.vhd:16]
INFO: [Synth 8-256] done synthesizing module 'num_mod_10' (6#1) [E:/Aplicatii/Vivado/PROIECTE/sper_TIMER_final_sper/sper_TIMER_final_sper.srcs/sources_1/imports/ProiectPSN_Timer/Num_mod_10.vhd:16]
INFO: [Synth 8-3491] module 'num_mod_6' declared at 'E:/Aplicatii/Vivado/PROIECTE/sper_TIMER_final_sper/sper_TIMER_final_sper.srcs/sources_1/imports/ProiectPSN_Timer/Num_mod_6.vhd:5' bound to instance 'num2' of component 'num_mod_6' [E:/Aplicatii/Vivado/PROIECTE/sper_TIMER_final_sper/sper_TIMER_final_sper.srcs/sources_1/imports/ProiectPSN_Timer/Numarator_complet.vhd:116]
INFO: [Synth 8-638] synthesizing module 'num_mod_6' [E:/Aplicatii/Vivado/PROIECTE/sper_TIMER_final_sper/sper_TIMER_final_sper.srcs/sources_1/imports/ProiectPSN_Timer/Num_mod_6.vhd:16]
INFO: [Synth 8-256] done synthesizing module 'num_mod_6' (7#1) [E:/Aplicatii/Vivado/PROIECTE/sper_TIMER_final_sper/sper_TIMER_final_sper.srcs/sources_1/imports/ProiectPSN_Timer/Num_mod_6.vhd:16]
INFO: [Synth 8-3491] module 'MUX2_1' declared at 'E:/Aplicatii/Vivado/PROIECTE/sper_TIMER_final_sper/sper_TIMER_final_sper.srcs/sources_1/imports/ProiectPSN_Timer/Mux2.vhd:6' bound to instance 'sel_clk_min_mux2' of component 'MUX2_1' [E:/Aplicatii/Vivado/PROIECTE/sper_TIMER_final_sper/sper_TIMER_final_sper.srcs/sources_1/imports/ProiectPSN_Timer/Numarator_complet.vhd:119]
INFO: [Synth 8-3491] module 'num_mod_10' declared at 'E:/Aplicatii/Vivado/PROIECTE/sper_TIMER_final_sper/sper_TIMER_final_sper.srcs/sources_1/imports/ProiectPSN_Timer/Num_mod_10.vhd:5' bound to instance 'num3' of component 'num_mod_10' [E:/Aplicatii/Vivado/PROIECTE/sper_TIMER_final_sper/sper_TIMER_final_sper.srcs/sources_1/imports/ProiectPSN_Timer/Numarator_complet.vhd:120]
INFO: [Synth 8-3491] module 'num_mod_10' declared at 'E:/Aplicatii/Vivado/PROIECTE/sper_TIMER_final_sper/sper_TIMER_final_sper.srcs/sources_1/imports/ProiectPSN_Timer/Num_mod_10.vhd:5' bound to instance 'num4' of component 'num_mod_10' [E:/Aplicatii/Vivado/PROIECTE/sper_TIMER_final_sper/sper_TIMER_final_sper.srcs/sources_1/imports/ProiectPSN_Timer/Numarator_complet.vhd:121]
INFO: [Synth 8-256] done synthesizing module 'top_level_partial' (8#1) [E:/Aplicatii/Vivado/PROIECTE/sper_TIMER_final_sper/sper_TIMER_final_sper.srcs/sources_1/imports/ProiectPSN_Timer/Numarator_complet.vhd:22]
INFO: [Synth 8-3491] module 'display' declared at 'E:/Aplicatii/Vivado/PROIECTE/sper_TIMER_final_sper/sper_TIMER_final_sper.srcs/sources_1/imports/ProiectPSN_Timer/Afisor.vhd:6' bound to instance 'afisor' of component 'display' [E:/Aplicatii/Vivado/PROIECTE/sper_TIMER_final_sper/sper_TIMER_final_sper.srcs/sources_1/imports/ProiectPSN_Timer/TOP_LVL.vhd:76]
INFO: [Synth 8-638] synthesizing module 'display' [E:/Aplicatii/Vivado/PROIECTE/sper_TIMER_final_sper/sper_TIMER_final_sper.srcs/sources_1/imports/ProiectPSN_Timer/Afisor.vhd:15]
INFO: [Synth 8-3491] module 'div_selaf' declared at 'E:/Aplicatii/Vivado/PROIECTE/sper_TIMER_final_sper/sper_TIMER_final_sper.srcs/sources_1/imports/ProiectPSN_Timer/Selectii_divizor.vhd:6' bound to instance 'divse' of component 'div_selaf' [E:/Aplicatii/Vivado/PROIECTE/sper_TIMER_final_sper/sper_TIMER_final_sper.srcs/sources_1/imports/ProiectPSN_Timer/Afisor.vhd:55]
INFO: [Synth 8-638] synthesizing module 'div_selaf' [E:/Aplicatii/Vivado/PROIECTE/sper_TIMER_final_sper/sper_TIMER_final_sper.srcs/sources_1/imports/ProiectPSN_Timer/Selectii_divizor.vhd:13]
INFO: [Synth 8-256] done synthesizing module 'div_selaf' (9#1) [E:/Aplicatii/Vivado/PROIECTE/sper_TIMER_final_sper/sper_TIMER_final_sper.srcs/sources_1/imports/ProiectPSN_Timer/Selectii_divizor.vhd:13]
INFO: [Synth 8-3491] module 'numarator_selectii' declared at 'E:/Aplicatii/Vivado/PROIECTE/sper_TIMER_final_sper/sper_TIMER_final_sper.srcs/sources_1/imports/ProiectPSN_Timer/Numarator_selectii.vhd:6' bound to instance 'num_sel' of component 'numarator_selectii' [E:/Aplicatii/Vivado/PROIECTE/sper_TIMER_final_sper/sper_TIMER_final_sper.srcs/sources_1/imports/ProiectPSN_Timer/Afisor.vhd:56]
INFO: [Synth 8-638] synthesizing module 'numarator_selectii' [E:/Aplicatii/Vivado/PROIECTE/sper_TIMER_final_sper/sper_TIMER_final_sper.srcs/sources_1/imports/ProiectPSN_Timer/Numarator_selectii.vhd:13]
INFO: [Synth 8-256] done synthesizing module 'numarator_selectii' (10#1) [E:/Aplicatii/Vivado/PROIECTE/sper_TIMER_final_sper/sper_TIMER_final_sper.srcs/sources_1/imports/ProiectPSN_Timer/Numarator_selectii.vhd:13]
INFO: [Synth 8-3491] module 'MUX_afis' declared at 'E:/Aplicatii/Vivado/PROIECTE/sper_TIMER_final_sper/sper_TIMER_final_sper.srcs/sources_1/imports/ProiectPSN_Timer/Mux_afisor.vhd:6' bound to instance 'muxA' of component 'MUX_afis' [E:/Aplicatii/Vivado/PROIECTE/sper_TIMER_final_sper/sper_TIMER_final_sper.srcs/sources_1/imports/ProiectPSN_Timer/Afisor.vhd:57]
INFO: [Synth 8-638] synthesizing module 'MUX_afis' [E:/Aplicatii/Vivado/PROIECTE/sper_TIMER_final_sper/sper_TIMER_final_sper.srcs/sources_1/imports/ProiectPSN_Timer/Mux_afisor.vhd:14]
INFO: [Synth 8-256] done synthesizing module 'MUX_afis' (11#1) [E:/Aplicatii/Vivado/PROIECTE/sper_TIMER_final_sper/sper_TIMER_final_sper.srcs/sources_1/imports/ProiectPSN_Timer/Mux_afisor.vhd:14]
INFO: [Synth 8-3491] module 'decodaf' declared at 'E:/Aplicatii/Vivado/PROIECTE/sper_TIMER_final_sper/sper_TIMER_final_sper.srcs/sources_1/imports/ProiectPSN_Timer/Decodificator.vhd:6' bound to instance 'decod' of component 'decodaf' [E:/Aplicatii/Vivado/PROIECTE/sper_TIMER_final_sper/sper_TIMER_final_sper.srcs/sources_1/imports/ProiectPSN_Timer/Afisor.vhd:58]
INFO: [Synth 8-638] synthesizing module 'decodaf' [E:/Aplicatii/Vivado/PROIECTE/sper_TIMER_final_sper/sper_TIMER_final_sper.srcs/sources_1/imports/ProiectPSN_Timer/Decodificator.vhd:15]
INFO: [Synth 8-226] default block is never used [E:/Aplicatii/Vivado/PROIECTE/sper_TIMER_final_sper/sper_TIMER_final_sper.srcs/sources_1/imports/ProiectPSN_Timer/Decodificator.vhd:22]
INFO: [Synth 8-256] done synthesizing module 'decodaf' (12#1) [E:/Aplicatii/Vivado/PROIECTE/sper_TIMER_final_sper/sper_TIMER_final_sper.srcs/sources_1/imports/ProiectPSN_Timer/Decodificator.vhd:15]
INFO: [Synth 8-256] done synthesizing module 'display' (13#1) [E:/Aplicatii/Vivado/PROIECTE/sper_TIMER_final_sper/sper_TIMER_final_sper.srcs/sources_1/imports/ProiectPSN_Timer/Afisor.vhd:15]
INFO: [Synth 8-256] done synthesizing module 'top_TIMER' (14#1) [E:/Aplicatii/Vivado/PROIECTE/sper_TIMER_final_sper/sper_TIMER_final_sper.srcs/sources_1/imports/ProiectPSN_Timer/TOP_LVL.vhd:18]
---------------------------------------------------------------------------------
Finished RTL Elaboration : Time (s): cpu = 00:00:03 ; elapsed = 00:00:04 . Memory (MB): peak = 1444.914 ; gain = 0.000
---------------------------------------------------------------------------------
---------------------------------------------------------------------------------
Start Handling Custom Attributes
---------------------------------------------------------------------------------
---------------------------------------------------------------------------------
Finished Handling Custom Attributes : Time (s): cpu = 00:00:04 ; elapsed = 00:00:05 . Memory (MB): peak = 1444.914 ; gain = 0.000
---------------------------------------------------------------------------------
---------------------------------------------------------------------------------
Finished RTL Optimization Phase 1 : Time (s): cpu = 00:00:04 ; elapsed = 00:00:05 . Memory (MB): peak = 1444.914 ; gain = 0.000
---------------------------------------------------------------------------------
Netlist sorting complete. Time (s): cpu = 00:00:00 ; elapsed = 00:00:00.003 . Memory (MB): peak = 1444.914 ; gain = 0.000
INFO: [Project 1-570] Preparing netlist for logic optimization

Processing XDC Constraints
Initializing timing engine
Parsing XDC File [E:/Aplicatii/Vivado/PROIECTE/sper_TIMER_final_sper/sper_TIMER_final_sper.srcs/constrs_1/new/constrangeri.xdc]
Finished Parsing XDC File [E:/Aplicatii/Vivado/PROIECTE/sper_TIMER_final_sper/sper_TIMER_final_sper.srcs/constrs_1/new/constrangeri.xdc]
INFO: [Project 1-236] Implementation specific constraints were found while reading constraint file [E:/Aplicatii/Vivado/PROIECTE/sper_TIMER_final_sper/sper_TIMER_final_sper.srcs/constrs_1/new/constrangeri.xdc]. These constraints will be ignored for synthesis but will be used in implementation. Impacted constraints are listed in the file [.Xil/top_TIMER_propImpl.xdc].
Resolution: To avoid this warning, move constraints listed in [.Xil/top_TIMER_propImpl.xdc] to another XDC file and exclude this new file from synthesis with the used_in_synthesis property (File Properties dialog in GUI) and re-run elaboration/synthesis.
Completed Processing XDC Constraints

Netlist sorting complete. Time (s): cpu = 00:00:00 ; elapsed = 00:00:00.001 . Memory (MB): peak = 1444.914 ; gain = 0.000
INFO: [Project 1-111] Unisim Transformation Summary:
No Unisim elements were transformed.

Constraint Validation Runtime : Time (s): cpu = 00:00:00 ; elapsed = 00:00:00.003 . Memory (MB): peak = 1444.914 ; gain = 0.000
WARNING: [Designutils 20-4072] Reference run did not run incremental synthesis because the design is too small; reverting to default synthesis
INFO: [Designutils 20-4379] Flow is switching to default flow due to incremental criteria not met. If you would like to alter this behaviour and have the flow terminate instead, please set the following parameter config_implementation {autoIncr.Synth.RejectBehavior Terminate}
---------------------------------------------------------------------------------
Finished Constraint Validation : Time (s): cpu = 00:00:07 ; elapsed = 00:00:10 . Memory (MB): peak = 1444.914 ; gain = 0.000
---------------------------------------------------------------------------------
---------------------------------------------------------------------------------
Start Loading Part and Timing Information
---------------------------------------------------------------------------------
Loading part: xc7a35tcpg236-1
---------------------------------------------------------------------------------
Finished Loading Part and Timing Information : Time (s): cpu = 00:00:07 ; elapsed = 00:00:10 . Memory (MB): peak = 1444.914 ; gain = 0.000
---------------------------------------------------------------------------------
---------------------------------------------------------------------------------
Start Applying 'set_property' XDC Constraints
---------------------------------------------------------------------------------
---------------------------------------------------------------------------------
Finished applying 'set_property' XDC Constraints : Time (s): cpu = 00:00:07 ; elapsed = 00:00:10 . Memory (MB): peak = 1444.914 ; gain = 0.000
---------------------------------------------------------------------------------
---------------------------------------------------------------------------------
Finished RTL Optimization Phase 2 : Time (s): cpu = 00:00:07 ; elapsed = 00:00:10 . Memory (MB): peak = 1444.914 ; gain = 0.000
---------------------------------------------------------------------------------
---------------------------------------------------------------------------------
Start RTL Component Statistics 
---------------------------------------------------------------------------------
Detailed RTL Component Info : 
+---Adders : 
	   2 Input   26 Bit       Adders := 1     
	   2 Input   24 Bit       Adders := 2     
	   2 Input   18 Bit       Adders := 1     
	   2 Input    4 Bit       Adders := 8     
	   2 Input    2 Bit       Adders := 1     
+---Registers : 
	               26 Bit    Registers := 1     
	               24 Bit    Registers := 2     
	               18 Bit    Registers := 1     
	                4 Bit    Registers := 4     
	                3 Bit    Registers := 1     
	                2 Bit    Registers := 1     
	                1 Bit    Registers := 15    
+---Muxes : 
	   2 Input   26 Bit        Muxes := 1     
	   2 Input   24 Bit        Muxes := 2     
	   2 Input   18 Bit        Muxes := 1     
	   2 Input    4 Bit        Muxes := 12    
	   4 Input    4 Bit        Muxes := 2     
	   2 Input    3 Bit        Muxes := 3     
	   2 Input    2 Bit        Muxes := 4     
	   2 Input    1 Bit        Muxes := 2     
---------------------------------------------------------------------------------
Finished RTL Component Statistics 
---------------------------------------------------------------------------------
---------------------------------------------------------------------------------
Start Part Resource Summary
---------------------------------------------------------------------------------
Part Resources:
DSPs: 90 (col length:60)
BRAMs: 100 (col length: RAMB18 60 RAMB36 30)
---------------------------------------------------------------------------------
Finished Part Resource Summary
---------------------------------------------------------------------------------
---------------------------------------------------------------------------------
Start Cross Boundary and Area Optimization
---------------------------------------------------------------------------------
WARNING: [Synth 8-7080] Parallel synthesis criteria is not met
---------------------------------------------------------------------------------
Finished Cross Boundary and Area Optimization : Time (s): cpu = 00:00:09 ; elapsed = 00:00:12 . Memory (MB): peak = 1444.914 ; gain = 0.000
---------------------------------------------------------------------------------
---------------------------------------------------------------------------------
Start Applying XDC Timing Constraints
---------------------------------------------------------------------------------
---------------------------------------------------------------------------------
Finished Applying XDC Timing Constraints : Time (s): cpu = 00:00:11 ; elapsed = 00:00:16 . Memory (MB): peak = 1444.914 ; gain = 0.000
---------------------------------------------------------------------------------
---------------------------------------------------------------------------------
Start Timing Optimization
---------------------------------------------------------------------------------
---------------------------------------------------------------------------------
Finished Timing Optimization : Time (s): cpu = 00:00:11 ; elapsed = 00:00:16 . Memory (MB): peak = 1444.914 ; gain = 0.000
---------------------------------------------------------------------------------
---------------------------------------------------------------------------------
Start Technology Mapping
---------------------------------------------------------------------------------
---------------------------------------------------------------------------------
Finished Technology Mapping : Time (s): cpu = 00:00:11 ; elapsed = 00:00:16 . Memory (MB): peak = 1444.914 ; gain = 0.000
---------------------------------------------------------------------------------
---------------------------------------------------------------------------------
Start IO Insertion
---------------------------------------------------------------------------------
---------------------------------------------------------------------------------
Start Flattening Before IO Insertion
---------------------------------------------------------------------------------
---------------------------------------------------------------------------------
Finished Flattening Before IO Insertion
---------------------------------------------------------------------------------
---------------------------------------------------------------------------------
Start Final Netlist Cleanup
---------------------------------------------------------------------------------
---------------------------------------------------------------------------------
Finished Final Netlist Cleanup
---------------------------------------------------------------------------------
---------------------------------------------------------------------------------
Finished IO Insertion : Time (s): cpu = 00:00:14 ; elapsed = 00:00:19 . Memory (MB): peak = 1444.914 ; gain = 0.000
---------------------------------------------------------------------------------
---------------------------------------------------------------------------------
Start Renaming Generated Instances
---------------------------------------------------------------------------------
---------------------------------------------------------------------------------
Finished Renaming Generated Instances : Time (s): cpu = 00:00:14 ; elapsed = 00:00:19 . Memory (MB): peak = 1444.914 ; gain = 0.000
---------------------------------------------------------------------------------
---------------------------------------------------------------------------------
Start Rebuilding User Hierarchy
---------------------------------------------------------------------------------
---------------------------------------------------------------------------------
Finished Rebuilding User Hierarchy : Time (s): cpu = 00:00:14 ; elapsed = 00:00:19 . Memory (MB): peak = 1444.914 ; gain = 0.000
---------------------------------------------------------------------------------
---------------------------------------------------------------------------------
Start Renaming Generated Ports
---------------------------------------------------------------------------------
---------------------------------------------------------------------------------
Finished Renaming Generated Ports : Time (s): cpu = 00:00:14 ; elapsed = 00:00:19 . Memory (MB): peak = 1444.914 ; gain = 0.000
---------------------------------------------------------------------------------
---------------------------------------------------------------------------------
Start Handling Custom Attributes
---------------------------------------------------------------------------------
---------------------------------------------------------------------------------
Finished Handling Custom Attributes : Time (s): cpu = 00:00:14 ; elapsed = 00:00:19 . Memory (MB): peak = 1444.914 ; gain = 0.000
---------------------------------------------------------------------------------
---------------------------------------------------------------------------------
Start Renaming Generated Nets
---------------------------------------------------------------------------------
---------------------------------------------------------------------------------
Finished Renaming Generated Nets : Time (s): cpu = 00:00:14 ; elapsed = 00:00:19 . Memory (MB): peak = 1444.914 ; gain = 0.000
---------------------------------------------------------------------------------
---------------------------------------------------------------------------------
Start Writing Synthesis Report
---------------------------------------------------------------------------------

Report BlackBoxes: 
+-+--------------+----------+
| |BlackBox name |Instances |
+-+--------------+----------+
+-+--------------+----------+

Report Cell Usage: 
+------+-------+------+
|      |Cell   |Count |
+------+-------+------+
|1     |BUFG   |     1|
|2     |CARRY4 |    45|
|3     |LUT1   |    11|
|4     |LUT2   |    57|
|5     |LUT3   |    13|
|6     |LUT4   |    32|
|7     |LUT5   |     4|
|8     |LUT6   |    47|
|9     |FDCE   |    26|
|10    |FDRE   |   155|
|11    |IBUF   |     4|
|12    |OBUF   |    12|
+------+-------+------+
---------------------------------------------------------------------------------
Finished Writing Synthesis Report : Time (s): cpu = 00:00:14 ; elapsed = 00:00:19 . Memory (MB): peak = 1444.914 ; gain = 0.000
---------------------------------------------------------------------------------
Synthesis finished with 0 errors, 0 critical warnings and 1 warnings.
Synthesis Optimization Runtime : Time (s): cpu = 00:00:10 ; elapsed = 00:00:18 . Memory (MB): peak = 1444.914 ; gain = 0.000
Synthesis Optimization Complete : Time (s): cpu = 00:00:14 ; elapsed = 00:00:19 . Memory (MB): peak = 1444.914 ; gain = 0.000
INFO: [Project 1-571] Translating synthesized netlist
Netlist sorting complete. Time (s): cpu = 00:00:00 ; elapsed = 00:00:00.002 . Memory (MB): peak = 1444.914 ; gain = 0.000
INFO: [Netlist 29-17] Analyzing 45 Unisim elements for replacement
INFO: [Netlist 29-28] Unisim Transformation completed in 0 CPU seconds
INFO: [Project 1-570] Preparing netlist for logic optimization
INFO: [Opt 31-138] Pushed 0 inverter(s) to 0 load pin(s).
Netlist sorting complete. Time (s): cpu = 00:00:00 ; elapsed = 00:00:00 . Memory (MB): peak = 1444.914 ; gain = 0.000
INFO: [Project 1-111] Unisim Transformation Summary:
No Unisim elements were transformed.

Synth Design complete, checksum: 48c08fe0
INFO: [Common 17-83] Releasing license: Synthesis
70 Infos, 3 Warnings, 0 Critical Warnings and 0 Errors encountered.
synth_design completed successfully
synth_design: Time (s): cpu = 00:00:15 ; elapsed = 00:00:23 . Memory (MB): peak = 1444.914 ; gain = 0.000
INFO: [Common 17-1381] The checkpoint 'E:/Aplicatii/Vivado/PROIECTE/sper_TIMER_final_sper/sper_TIMER_final_sper.runs/synth_1/top_TIMER.dcp' has been generated.
INFO: [runtcl-4] Executing : report_utilization -file top_TIMER_utilization_synth.rpt -pb top_TIMER_utilization_synth.pb
INFO: [Common 17-206] Exiting Vivado at Wed May 25 23:28:50 2022...
